#
# A fatal error has been detected by the Java Runtime Environment:
#
#  EXCEPTION_ACCESS_VIOLATION (0xc0000005) at pc=0x00000000046f5112, pid=20252, tid=0x0000000000000e20
#
# JRE version: Java(TM) SE Runtime Environment (8.0_202-b08) (build 1.8.0_202-b08)
# Java VM: Java HotSpot(TM) 64-Bit Server VM (25.202-b08 mixed mode windows-amd64 compressed oops)
# Problematic frame:
# J 6293 C1 org.apache.tomcat.util.http.ValuesEnumerator.findNext()V (81 bytes) @ 0x00000000046f5112 [0x00000000046f4f80+0x192]
#
# Failed to write core dump. Minidumps are not enabled by default on client versions of Windows
#
# If you would like to submit a bug report, please visit:
#   http://bugreport.java.com/bugreport/crash.jsp
#

---------------  T H R E A D  ---------------

Current thread (0x00000000262ed000):  JavaThread "http-nio-8080-exec-4" daemon [_thread_in_Java, id=3616, stack(0x0000000028470000,0x0000000028570000)]

siginfo: ExceptionCode=0xc0000005, writing address 0x00000000000008db

Registers:
RAX=0x00000000000008da, RBX=0x0000000000000138, RCX=0x0000000778173f40, RDX=0x0000000778173f40
RSP=0x000000002856f080, RBP=0x000000002856f140, RSI=0x0000000778149550, RDI=0x0000000028ab71e0
R8 =0x0000000000000000, R9 =0x000000000000000a, R10=0x00000007c0955650, R11=0x00000000046f4fa0
R12=0x0000000000000000, R13=0x000000002856f0f8, R14=0x000000002856f160, R15=0x00000000262ed000
RIP=0x00000000046f5112, EFLAGS=0x0000000000010293

Top of Stack: (sp=0x000000002856f080)
0x000000002856f080:   000000001c45c788 00000000037a8319
0x000000002856f090:   000000077814cbf8 00000000046f1ec0
0x000000002856f0a0:   000000002856f0f8 0000000000000202
0x000000002856f0b0:   000000002856f220 0000000003d0eb6c
0x000000002856f0c0:   000000002811a079 0000000778173f40
0x000000002856f0d0:   000000002856f140 0000000003697da0
0x000000002856f0e0:   000000002856f140 000000000369835d
0x000000002856f0f0:   000000000369835d 0000000778173f40
0x000000002856f100:   000000002856f100 0000000028a22cb4
0x000000002856f110:   000000002856f160 0000000028a23080
0x000000002856f120:   0000000000000000 0000000028a22cf0
0x000000002856f130:   000000002856f0f8 000000002856f150
0x000000002856f140:   000000002856f1b0 000000000369835d
0x000000002856f150:   00000006c2d1bd68 0000000778149550
0x000000002856f160:   0000000778173f40 0000000778173f40
0x000000002856f170:   000000002856f170 00000000289f5656 

Instructions: (pc=0x00000000046f5112)
0x00000000046f50f2:   00 00 48 bb 28 01 00 00 00 00 00 00 0f 8d 0a 00
0x00000000046f5102:   00 00 48 bb 38 01 00 00 00 00 00 00 48 8b 04 1f
0x00000000046f5112:   48 89 40 01 48 89 04 1f 0f 8c 0f 00 00 00 48 be
0x00000000046f5122:   00 00 00 00 00 00 00 00 e9 50 00 00 00 8b 76 14 


Register to memory mapping:

RAX=0x00000000000008da is an unknown value
RBX=0x0000000000000138 is an unknown value
RCX=0x0000000778173f40 is an oop
org.apache.tomcat.util.http.ValuesEnumerator 
 - klass: 'org/apache/tomcat/util/http/ValuesEnumerator'
RDX=0x0000000778173f40 is an oop
org.apache.tomcat.util.http.ValuesEnumerator 
 - klass: 'org/apache/tomcat/util/http/ValuesEnumerator'
RSP=0x000000002856f080 is pointing into the stack for thread: 0x00000000262ed000
RBP=0x000000002856f140 is pointing into the stack for thread: 0x00000000262ed000
RSI=0x0000000778149550 is an oop
org.apache.tomcat.util.http.MimeHeaders 
 - klass: 'org/apache/tomcat/util/http/MimeHeaders'
RDI=0x0000000028ab71e0 is pointing into metadata
R8 =0x0000000000000000 is an unknown value
R9 =0x000000000000000a is an unknown value
R10=0x00000007c0955650 is pointing into metadata
R11=0x00000000046f4fa0 is at entry_point+32 in (nmethod*)0x00000000046f4dd0
R12=0x0000000000000000 is an unknown value
R13=0x000000002856f0f8 is pointing into the stack for thread: 0x00000000262ed000
R14=0x000000002856f160 is pointing into the stack for thread: 0x00000000262ed000
R15=0x00000000262ed000 is a thread


Stack: [0x0000000028470000,0x0000000028570000],  sp=0x000000002856f080,  free space=1020k
Native frames: (J=compiled Java code, j=interpreted, Vv=VM code, C=native code)
C  0x00000000046f5112


---------------  P R O C E S S  ---------------

Java Threads: ( => current thread )
  0x000000002683e000 JavaThread "DestroyJavaVM" [_thread_blocked, id=13320, stack(0x0000000003480000,0x0000000003580000)]
  0x000000002683a800 JavaThread "http-nio-8080-Acceptor" daemon [_thread_in_native, id=13688, stack(0x00000000294f0000,0x00000000295f0000)]
  0x0000000026840800 JavaThread "http-nio-8080-Poller" daemon [_thread_in_native, id=8180, stack(0x00000000293f0000,0x00000000294f0000)]
  0x000000002683d800 JavaThread "http-nio-8080-exec-10" daemon [_thread_blocked, id=16772, stack(0x00000000292f0000,0x00000000293f0000)]
  0x000000002683c000 JavaThread "http-nio-8080-exec-9" daemon [_thread_blocked, id=652, stack(0x00000000291f0000,0x00000000292f0000)]
  0x000000002683c800 JavaThread "http-nio-8080-exec-8" daemon [_thread_blocked, id=10164, stack(0x00000000290f0000,0x00000000291f0000)]
  0x000000002683b000 JavaThread "http-nio-8080-exec-7" daemon [_thread_blocked, id=16804, stack(0x0000000028ff0000,0x00000000290f0000)]
  0x00000000262ef800 JavaThread "http-nio-8080-exec-6" daemon [_thread_blocked, id=5548, stack(0x0000000028ef0000,0x0000000028ff0000)]
  0x00000000262ea000 JavaThread "http-nio-8080-exec-5" daemon [_thread_blocked, id=15132, stack(0x0000000028df0000,0x0000000028ef0000)]
=>0x00000000262ed000 JavaThread "http-nio-8080-exec-4" daemon [_thread_in_Java, id=3616, stack(0x0000000028470000,0x0000000028570000)]
  0x00000000262ee000 JavaThread "http-nio-8080-exec-3" daemon [_thread_blocked, id=6064, stack(0x0000000028370000,0x0000000028470000)]
  0x00000000262eb800 JavaThread "http-nio-8080-exec-2" daemon [_thread_blocked, id=11112, stack(0x0000000028270000,0x0000000028370000)]
  0x00000000262eb000 JavaThread "http-nio-8080-exec-1" daemon [_thread_blocked, id=6728, stack(0x0000000028170000,0x0000000028270000)]
  0x00000000262f0000 JavaThread "HikariPool-1 housekeeper" daemon [_thread_blocked, id=17940, stack(0x0000000027170000,0x0000000027270000)]
  0x000000001f0f9000 JavaThread "mysql-cj-abandoned-connection-cleanup" daemon [_thread_blocked, id=16968, stack(0x00000000254e0000,0x00000000255e0000)]
  0x0000000021f6d800 JavaThread "container-0" [_thread_blocked, id=4288, stack(0x0000000022a00000,0x0000000022b00000)]
  0x0000000023961800 JavaThread "Catalina-utility-2" [_thread_blocked, id=12580, stack(0x0000000021300000,0x0000000021400000)]
  0x00000000265f4800 JavaThread "Catalina-utility-1" [_thread_blocked, id=19404, stack(0x0000000021000000,0x0000000021100000)]
  0x000000001e9d0800 JavaThread "Service Thread" daemon [_thread_blocked, id=15288, stack(0x000000001eda0000,0x000000001eea0000)]
  0x000000001ccd0000 JavaThread "C1 CompilerThread2" daemon [_thread_blocked, id=19952, stack(0x000000001e8a0000,0x000000001e9a0000)]
  0x000000001ccc8800 JavaThread "C2 CompilerThread1" daemon [_thread_blocked, id=18564, stack(0x000000001e7a0000,0x000000001e8a0000)]
  0x000000001ccbc800 JavaThread "C2 CompilerThread0" daemon [_thread_blocked, id=1300, stack(0x000000001e6a0000,0x000000001e7a0000)]
  0x000000001ccba800 JavaThread "Attach Listener" daemon [_thread_blocked, id=4796, stack(0x000000001e5a0000,0x000000001e6a0000)]
  0x000000001ccb9000 JavaThread "Signal Dispatcher" daemon [_thread_blocked, id=14624, stack(0x000000001e4a0000,0x000000001e5a0000)]
  0x000000001cc9b800 JavaThread "Finalizer" daemon [_thread_blocked, id=9820, stack(0x000000001df10000,0x000000001e010000)]
  0x0000000003676000 JavaThread "Reference Handler" daemon [_thread_blocked, id=10720, stack(0x000000001de10000,0x000000001df10000)]

Other Threads:
  0x000000001cc78000 VMThread [stack: 0x000000001dd10000,0x000000001de10000] [id=13152]
  0x000000001cd0d000 WatcherThread [stack: 0x000000001eea0000,0x000000001efa0000] [id=17560]

VM state:not at safepoint (normal execution)

VM Mutex/Monitor currently owned by a thread: None

heap address: 0x00000006c1c00000, size: 4068 MB, Compressed Oops mode: Zero based, Oop shift amount: 3
Narrow klass base: 0x0000000000000000, Narrow klass shift: 3
Compressed class space size: 1073741824 Address: 0x00000007c0000000

Heap:
 PSYoungGen      total 318976K, used 237449K [0x000000076b400000, 0x0000000780380000, 0x00000007c0000000)
  eden space 302592K, 78% used [0x000000076b400000,0x0000000779be2468,0x000000077db80000)
  from space 16384K, 0% used [0x000000077f380000,0x000000077f380000,0x0000000780380000)
  to   space 20480K, 0% used [0x000000077db80000,0x000000077db80000,0x000000077ef80000)
 ParOldGen       total 174080K, used 23553K [0x00000006c1c00000, 0x00000006cc600000, 0x000000076b400000)
  object space 174080K, 13% used [0x00000006c1c00000,0x00000006c33005a8,0x00000006cc600000)
 Metaspace       used 70783K, capacity 74812K, committed 75008K, reserved 1114112K
  class space    used 9720K, capacity 10402K, committed 10496K, reserved 1048576K

Card table byte_map: [0x0000000012a50000,0x0000000013250000] byte_map_base: 0x000000000f442000

Marking Bits: (ParMarkBitMap*) 0x0000000062b25ce0
 Begin Bits: [0x0000000013ba0000, 0x0000000017b30000)
 End Bits:   [0x0000000017b30000, 0x000000001bac0000)

Polling page: 0x0000000003450000

CodeCache: size=245760Kb used=16890Kb max_used=16905Kb free=228869Kb
 bounds [0x0000000003690000, 0x0000000004730000, 0x0000000012690000]
 total_blobs=5990 nmethods=5382 adapters=519
 compilation: enabled

Compilation events (10 events):
Event: 25.291 Thread 0x000000001ccd0000 6311       3       org.springframework.util.MimeType$SpecificityComparator::compare (13 bytes)
Event: 25.292 Thread 0x000000001ccd0000 nmethod 6311 0x0000000004712cd0 code [0x0000000004712e40, 0x0000000004713228]
Event: 25.292 Thread 0x000000001ccd0000 6312       3       org.springframework.util.MimeType$SpecificityComparator::compare (103 bytes)
Event: 25.293 Thread 0x000000001ccd0000 nmethod 6312 0x0000000004714950 code [0x0000000004714c60, 0x0000000004717208]
Event: 25.293 Thread 0x000000001ccd0000 6313       3       org.apache.tomcat.util.buf.MessageBytes::setString (33 bytes)
Event: 25.293 Thread 0x000000001ccd0000 nmethod 6313 0x0000000004717950 code [0x0000000004717aa0, 0x0000000004717c90]
Event: 25.307 Thread 0x000000001ccc8800 nmethod 6303 0x000000000471c010 code [0x000000000471c260, 0x000000000471d900]
Event: 25.307 Thread 0x000000001ccc8800 6310       4       java.util.regex.UnicodeProp$8::is (15 bytes)
Event: 25.309 Thread 0x000000001ccc8800 nmethod 6310 0x000000000471ac10 code [0x000000000471ae20, 0x000000000471af78]
Event: 25.313 Thread 0x000000001ccbc800 nmethod 6309 0x00000000047219d0 code [0x0000000004721c20, 0x0000000004722d60]

GC Heap History (10 events):
Event: 4.428 GC heap before
{Heap before GC invocations=7 (full 1):
 PSYoungGen      total 135680K, used 23992K [0x000000076b400000, 0x0000000778d00000, 0x00000007c0000000)
  eden space 124928K, 10% used [0x000000076b400000,0x000000076c0f3288,0x0000000772e00000)
  from space 10752K, 99% used [0x0000000772e00000,0x000000077387adc0,0x0000000773880000)
  to   space 15360K, 0% used [0x0000000777e00000,0x0000000777e00000,0x0000000778d00000)
 ParOldGen       total 86528K, used 8710K [0x00000006c1c00000, 0x00000006c7080000, 0x000000076b400000)
  object space 86528K, 10% used [0x00000006c1c00000,0x00000006c2481b38,0x00000006c7080000)
 Metaspace       used 33435K, capacity 35386K, committed 35496K, reserved 1079296K
  class space    used 4404K, capacity 4780K, committed 4864K, reserved 1048576K
Event: 4.440 GC heap after
Heap after GC invocations=7 (full 1):
 PSYoungGen      total 207360K, used 9379K [0x000000076b400000, 0x0000000779d80000, 0x00000007c0000000)
  eden space 192000K, 0% used [0x000000076b400000,0x000000076b400000,0x0000000776f80000)
  from space 15360K, 61% used [0x0000000777e00000,0x0000000778728f78,0x0000000778d00000)
  to   space 14848K, 0% used [0x0000000776f80000,0x0000000776f80000,0x0000000777e00000)
 ParOldGen       total 86528K, used 8710K [0x00000006c1c00000, 0x00000006c7080000, 0x000000076b400000)
  object space 86528K, 10% used [0x00000006c1c00000,0x00000006c2481b38,0x00000006c7080000)
 Metaspace       used 33435K, capacity 35386K, committed 35496K, reserved 1079296K
  class space    used 4404K, capacity 4780K, committed 4864K, reserved 1048576K
}
Event: 4.440 GC heap before
{Heap before GC invocations=8 (full 2):
 PSYoungGen      total 207360K, used 9379K [0x000000076b400000, 0x0000000779d80000, 0x00000007c0000000)
  eden space 192000K, 0% used [0x000000076b400000,0x000000076b400000,0x0000000776f80000)
  from space 15360K, 61% used [0x0000000777e00000,0x0000000778728f78,0x0000000778d00000)
  to   space 14848K, 0% used [0x0000000776f80000,0x0000000776f80000,0x0000000777e00000)
 ParOldGen       total 86528K, used 8710K [0x00000006c1c00000, 0x00000006c7080000, 0x000000076b400000)
  object space 86528K, 10% used [0x00000006c1c00000,0x00000006c2481b38,0x00000006c7080000)
 Metaspace       used 33435K, capacity 35386K, committed 35496K, reserved 1079296K
  class space    used 4404K, capacity 4780K, committed 4864K, reserved 1048576K
Event: 4.491 GC heap after
Heap after GC invocations=8 (full 2):
 PSYoungGen      total 207360K, used 0K [0x000000076b400000, 0x0000000779d80000, 0x00000007c0000000)
  eden space 192000K, 0% used [0x000000076b400000,0x000000076b400000,0x0000000776f80000)
  from space 15360K, 0% used [0x0000000777e00000,0x0000000777e00000,0x0000000778d00000)
  to   space 14848K, 0% used [0x0000000776f80000,0x0000000776f80000,0x0000000777e00000)
 ParOldGen       total 125952K, used 13219K [0x00000006c1c00000, 0x00000006c9700000, 0x000000076b400000)
  object space 125952K, 10% used [0x00000006c1c00000,0x00000006c28e8c58,0x00000006c9700000)
 Metaspace       used 33435K, capacity 35386K, committed 35496K, reserved 1079296K
  class space    used 4404K, capacity 4780K, committed 4864K, reserved 1048576K
}
Event: 6.774 GC heap before
{Heap before GC invocations=9 (full 2):
 PSYoungGen      total 207360K, used 192000K [0x000000076b400000, 0x0000000779d80000, 0x00000007c0000000)
  eden space 192000K, 100% used [0x000000076b400000,0x0000000776f80000,0x0000000776f80000)
  from space 15360K, 0% used [0x0000000777e00000,0x0000000777e00000,0x0000000778d00000)
  to   space 14848K, 0% used [0x0000000776f80000,0x0000000776f80000,0x0000000777e00000)
 ParOldGen       total 125952K, used 13219K [0x00000006c1c00000, 0x00000006c9700000, 0x000000076b400000)
  object space 125952K, 10% used [0x00000006c1c00000,0x00000006c28e8c58,0x00000006c9700000)
 Metaspace       used 51637K, capacity 54170K, committed 54528K, reserved 1095680K
  class space    used 7113K, capacity 7591K, committed 7680K, reserved 1048576K
Event: 6.794 GC heap after
Heap after GC invocations=9 (full 2):
 PSYoungGen      total 206848K, used 14837K [0x000000076b400000, 0x0000000780780000, 0x00000007c0000000)
  eden space 192000K, 0% used [0x000000076b400000,0x000000076b400000,0x0000000776f80000)
  from space 14848K, 99% used [0x0000000776f80000,0x0000000777dfd420,0x0000000777e00000)
  to   space 20480K, 0% used [0x000000077f380000,0x000000077f380000,0x0000000780780000)
 ParOldGen       total 125952K, used 19939K [0x00000006c1c00000, 0x00000006c9700000, 0x000000076b400000)
  object space 125952K, 15% used [0x00000006c1c00000,0x00000006c2f78d00,0x00000006c9700000)
 Metaspace       used 51637K, capacity 54170K, committed 54528K, reserved 1095680K
  class space    used 7113K, capacity 7591K, committed 7680K, reserved 1048576K
}
Event: 7.706 GC heap before
{Heap before GC invocations=10 (full 2):
 PSYoungGen      total 206848K, used 61635K [0x000000076b400000, 0x0000000780780000, 0x00000007c0000000)
  eden space 192000K, 24% used [0x000000076b400000,0x000000076e1b3b70,0x0000000776f80000)
  from space 14848K, 99% used [0x0000000776f80000,0x0000000777dfd420,0x0000000777e00000)
  to   space 20480K, 0% used [0x000000077f380000,0x000000077f380000,0x0000000780780000)
 ParOldGen       total 125952K, used 19939K [0x00000006c1c00000, 0x00000006c9700000, 0x000000076b400000)
  object space 125952K, 15% used [0x00000006c1c00000,0x00000006c2f78d00,0x00000006c9700000)
 Metaspace       used 56053K, capacity 59060K, committed 59160K, reserved 1099776K
  class space    used 7737K, capacity 8268K, committed 8320K, reserved 1048576K
Event: 7.722 GC heap after
Heap after GC invocations=10 (full 2):
 PSYoungGen      total 318976K, used 12476K [0x000000076b400000, 0x0000000780380000, 0x00000007c0000000)
  eden space 302592K, 0% used [0x000000076b400000,0x000000076b400000,0x000000077db80000)
  from space 16384K, 76% used [0x000000077f380000,0x000000077ffaf380,0x0000000780380000)
  to   space 20480K, 0% used [0x000000077db80000,0x000000077db80000,0x000000077ef80000)
 ParOldGen       total 125952K, used 19947K [0x00000006c1c00000, 0x00000006c9700000, 0x000000076b400000)
  object space 125952K, 15% used [0x00000006c1c00000,0x00000006c2f7ad00,0x00000006c9700000)
 Metaspace       used 56053K, capacity 59060K, committed 59160K, reserved 1099776K
  class space    used 7737K, capacity 8268K, committed 8320K, reserved 1048576K
}
Event: 7.722 GC heap before
{Heap before GC invocations=11 (full 3):
 PSYoungGen      total 318976K, used 12476K [0x000000076b400000, 0x0000000780380000, 0x00000007c0000000)
  eden space 302592K, 0% used [0x000000076b400000,0x000000076b400000,0x000000077db80000)
  from space 16384K, 76% used [0x000000077f380000,0x000000077ffaf380,0x0000000780380000)
  to   space 20480K, 0% used [0x000000077db80000,0x000000077db80000,0x000000077ef80000)
 ParOldGen       total 125952K, used 19947K [0x00000006c1c00000, 0x00000006c9700000, 0x000000076b400000)
  object space 125952K, 15% used [0x00000006c1c00000,0x00000006c2f7ad00,0x00000006c9700000)
 Metaspace       used 56053K, capacity 59060K, committed 59160K, reserved 1099776K
  class space    used 7737K, capacity 8268K, committed 8320K, reserved 1048576K
Event: 7.870 GC heap after
Heap after GC invocations=11 (full 3):
 PSYoungGen      total 318976K, used 0K [0x000000076b400000, 0x0000000780380000, 0x00000007c0000000)
  eden space 302592K, 0% used [0x000000076b400000,0x000000076b400000,0x000000077db80000)
  from space 16384K, 0% used [0x000000077f380000,0x000000077f380000,0x0000000780380000)
  to   space 20480K, 0% used [0x000000077db80000,0x000000077db80000,0x000000077ef80000)
 ParOldGen       total 174080K, used 23553K [0x00000006c1c00000, 0x00000006cc600000, 0x000000076b400000)
  object space 174080K, 13% used [0x00000006c1c00000,0x00000006c33005a8,0x00000006cc600000)
 Metaspace       used 56053K, capacity 59060K, committed 59160K, reserved 1099776K
  class space    used 7737K, capacity 8268K, committed 8320K, reserved 1048576K
}

Deoptimization events (10 events):
Event: 23.218 Thread 0x000000002683c000 Uncommon trap: reason=bimorphic action=maybe_recompile pc=0x0000000003c71658 method=java.util.regex.Pattern$Utype.isSatisfiedBy(I)Z @ 5
Event: 23.218 Thread 0x000000002683c000 Uncommon trap: reason=bimorphic action=maybe_recompile pc=0x0000000003c71658 method=java.util.regex.Pattern$Utype.isSatisfiedBy(I)Z @ 5
Event: 23.284 Thread 0x000000002683c000 Uncommon trap: reason=unstable_if action=reinterpret pc=0x00000000041f8920 method=org.thymeleaf.util.ProcessorComparators$ProcessorPrecedenceComparator.compare(Lorg/thymeleaf/processor/IProcessor;Lorg/thymeleaf/processor/IProcessor;)I @ 2
Event: 23.291 Thread 0x000000002683c000 Uncommon trap: reason=bimorphic action=maybe_recompile pc=0x0000000004047864 method=java.util.Collections$SetFromMap.contains(Ljava/lang/Object;)Z @ 5
Event: 23.294 Thread 0x000000002683c000 Uncommon trap: reason=unstable_if action=reinterpret pc=0x0000000003d62be4 method=org.springframework.util.StringUtils.deleteAny(Ljava/lang/String;Ljava/lang/String;)Ljava/lang/String; @ 11
Event: 23.299 Thread 0x000000002683c000 Uncommon trap: reason=bimorphic action=maybe_recompile pc=0x0000000004047864 method=java.util.Collections$SetFromMap.contains(Ljava/lang/Object;)Z @ 5
Event: 23.341 Thread 0x00000000262eb000 Uncommon trap: reason=unstable_if action=reinterpret pc=0x0000000003a8abb8 method=java.lang.String$CaseInsensitiveComparator.compare(Ljava/lang/String;Ljava/lang/String;)I @ 70
Event: 23.421 Thread 0x00000000262eb800 Uncommon trap: reason=bimorphic action=maybe_recompile pc=0x00000000037a46a4 method=java.lang.Throwable.<init>(Ljava/lang/String;Ljava/lang/Throwable;)V @ 24
Event: 23.421 Thread 0x00000000262eb800 Uncommon trap: reason=bimorphic action=maybe_recompile pc=0x00000000037a46a4 method=java.lang.Throwable.<init>(Ljava/lang/String;Ljava/lang/Throwable;)V @ 24
Event: 23.421 Thread 0x00000000262eb800 Uncommon trap: reason=bimorphic action=maybe_recompile pc=0x00000000037a46a4 method=java.lang.Throwable.<init>(Ljava/lang/String;Ljava/lang/Throwable;)V @ 24

Classes redefined (0 events):
No events

Internal exceptions (10 events):
Event: 23.278 Thread 0x000000002683c000 Exception <a 'java/lang/ClassNotFoundException': org/springframework/security/core/CredentialsContainerCustomizer> (0x000000077912f870) thrown at [C:\re\workspace\8-2-build-windows-amd64-cygwin\jdk8u202\12323\hotspot\src\share\vm\classfile\systemDictionar
Event: 23.289 Thread 0x000000002683c000 Exception <a 'java/lang/ClassNotFoundException': java/lang/ObjectCustomizer> (0x000000077919c070) thrown at [C:\re\workspace\8-2-build-windows-amd64-cygwin\jdk8u202\12323\hotspot\src\share\vm\classfile\systemDictionary.cpp, line 210]
Event: 23.291 Thread 0x000000002683c000 Exception <a 'java/lang/ClassNotFoundException': com/hha/demo/dto/input/BookDtoCustomizer> (0x00000007791b6920) thrown at [C:\re\workspace\8-2-build-windows-amd64-cygwin\jdk8u202\12323\hotspot\src\share\vm\classfile\systemDictionary.cpp, line 210]
Event: 23.418 Thread 0x00000000262eb800 Exception <a 'java/lang/ClassNotFoundException': java/lang/ObjectCustomizer> (0x0000000779494d88) thrown at [C:\re\workspace\8-2-build-windows-amd64-cygwin\jdk8u202\12323\hotspot\src\share\vm\classfile\systemDictionary.cpp, line 210]
Event: 23.420 Thread 0x00000000262eb800 Exception <a 'java/lang/ClassNotFoundException': com/hha/demo/dto/dataTables/input/DataTablesServerSideInputCustomizer> (0x00000007794b7388) thrown at [C:\re\workspace\8-2-build-windows-amd64-cygwin\jdk8u202\12323\hotspot\src\share\vm\classfile\systemDict
Event: 25.275 Thread 0x00000000262ee000 Exception <a 'java/lang/NoSuchMethodError': java.lang.Object.getHttpServletMapping()Ljavax/servlet/http/HttpServletMapping;> (0x000000077811f630) thrown at [C:\re\workspace\8-2-build-windows-amd64-cygwin\jdk8u202\12323\hotspot\src\share\vm\interpreter\lin
Event: 25.276 Thread 0x00000000262ee000 Exception <a 'java/lang/NoSuchMethodError': java.lang.Object.getHttpServletMapping()Ljavax/servlet/http/HttpServletMapping;> (0x00000007781313c8) thrown at [C:\re\workspace\8-2-build-windows-amd64-cygwin\jdk8u202\12323\hotspot\src\share\vm\interpreter\lin
Event: 25.276 Thread 0x00000000262ee000 Exception <a 'java/lang/NoSuchMethodError': java.lang.Object.getHttpServletMapping()Ljavax/servlet/http/HttpServletMapping;> (0x00000007781336d8) thrown at [C:\re\workspace\8-2-build-windows-amd64-cygwin\jdk8u202\12323\hotspot\src\share\vm\interpreter\lin
Event: 25.276 Thread 0x00000000262ee000 Exception <a 'java/lang/NoSuchMethodError': java.lang.Object.getHttpServletMapping()Ljavax/servlet/http/HttpServletMapping;> (0x0000000778135a10) thrown at [C:\re\workspace\8-2-build-windows-amd64-cygwin\jdk8u202\12323\hotspot\src\share\vm\interpreter\lin
Event: 27.850 Thread 0x00000000262ed000 Implicit null exception at 0x00000000046f5112 to 0x0000000000000000

Events (10 events):
Event: 25.289 loading class com/samskivert/mustache$Template
Event: 25.289 loading class com/samskivert/mustache$Template done
Event: 25.289 loading class groovy/text/TemplateEngine
Event: 25.289 loading class groovy/text/TemplateEngine done
Event: 25.289 loading class groovy/text$TemplateEngine
Event: 25.289 loading class groovy/text$TemplateEngine done
Event: 25.290 loading class org/apache/jasper/compiler/JspConfig
Event: 25.290 loading class org/apache/jasper/compiler/JspConfig done
Event: 25.290 loading class org/apache/jasper/compiler$JspConfig
Event: 25.290 loading class org/apache/jasper/compiler$JspConfig done


Dynamic libraries:
0x00007ff64c040000 - 0x00007ff64c077000 	C:\Program Files\java\jdk1.8.0_202\bin\javaw.exe
0x00007ff977f20000 - 0x00007ff978129000 	C:\WINDOWS\SYSTEM32\ntdll.dll
0x00007ff9766c0000 - 0x00007ff97677d000 	C:\WINDOWS\System32\KERNEL32.DLL
0x00007ff975540000 - 0x00007ff9758c4000 	C:\WINDOWS\System32\KERNELBASE.dll
0x00007ff9763e0000 - 0x00007ff97648e000 	C:\WINDOWS\System32\ADVAPI32.dll
0x00007ff976c20000 - 0x00007ff976cc3000 	C:\WINDOWS\System32\msvcrt.dll
0x00007ff976b40000 - 0x00007ff976bde000 	C:\WINDOWS\System32\sechost.dll
0x00007ff9774a0000 - 0x00007ff9775c1000 	C:\WINDOWS\System32\RPCRT4.dll
0x00007ff975d70000 - 0x00007ff975f1d000 	C:\WINDOWS\System32\USER32.dll
0x00007ff975ba0000 - 0x00007ff975bc6000 	C:\WINDOWS\System32\win32u.dll
0x00007ff976940000 - 0x00007ff97696a000 	C:\WINDOWS\System32\GDI32.dll
0x00007ff9753b0000 - 0x00007ff9754ce000 	C:\WINDOWS\System32\gdi32full.dll
0x00007ff975b00000 - 0x00007ff975b9d000 	C:\WINDOWS\System32\msvcp_win.dll
0x00007ff975c50000 - 0x00007ff975d61000 	C:\WINDOWS\System32\ucrtbase.dll
0x00007ff968740000 - 0x00007ff9689e5000 	C:\WINDOWS\WinSxS\amd64_microsoft.windows.common-controls_6595b64144ccf1df_6.0.22000.120_none_9d947278b86cc467\COMCTL32.dll
0x00007ff976be0000 - 0x00007ff976c11000 	C:\WINDOWS\System32\IMM32.DLL
0x00007ff908f70000 - 0x00007ff9090ca000 	C:\WINDOWS\system32\tmumh\20019\AddOn\8.55.0.1333\TmUmEvt64.dll
0x00007ff976f90000 - 0x00007ff976f98000 	C:\WINDOWS\System32\PSAPI.DLL
0x00000000641d0000 - 0x00000000642f6000 	C:\WINDOWS\system32\tmumh\20019\TmMon\2.9.0.1205\tmmon64.dll
0x0000000069450000 - 0x0000000069522000 	C:\Program Files\java\jdk1.8.0_202\jre\bin\msvcr100.dll
0x0000000062300000 - 0x0000000062ba5000 	C:\Program Files\java\jdk1.8.0_202\jre\bin\server\jvm.dll
0x00007ff955680000 - 0x00007ff955689000 	C:\WINDOWS\SYSTEM32\WSOCK32.dll
0x00007ff976ad0000 - 0x00007ff976b3f000 	C:\WINDOWS\System32\WS2_32.dll
0x00007ff96e9d0000 - 0x00007ff96ea03000 	C:\WINDOWS\SYSTEM32\WINMM.dll
0x00007ff96ea10000 - 0x00007ff96ea1a000 	C:\WINDOWS\SYSTEM32\VERSION.dll
0x00007ff971ef0000 - 0x00007ff971eff000 	C:\Program Files\java\jdk1.8.0_202\jre\bin\verify.dll
0x00007ff961100000 - 0x00007ff961129000 	C:\Program Files\java\jdk1.8.0_202\jre\bin\java.dll
0x00007ff96e320000 - 0x00007ff96e336000 	C:\Program Files\java\jdk1.8.0_202\jre\bin\zip.dll
0x00007ff977710000 - 0x00007ff977ed5000 	C:\WINDOWS\System32\SHELL32.dll
0x00007ff973250000 - 0x00007ff973ab2000 	C:\WINDOWS\SYSTEM32\windows.storage.dll
0x000000001e110000 - 0x000000001e486000 	C:\WINDOWS\System32\combase.dll
0x00007ff972ff0000 - 0x00007ff973157000 	C:\WINDOWS\SYSTEM32\wintypes.dll
0x00007ff976cd0000 - 0x00007ff976dba000 	C:\WINDOWS\System32\SHCORE.dll
0x00007ff976a70000 - 0x00007ff976acd000 	C:\WINDOWS\System32\shlwapi.dll
0x00007ff9752e0000 - 0x00007ff975305000 	C:\WINDOWS\SYSTEM32\profapi.dll
0x00007ff9710f0000 - 0x00007ff9710fd000 	C:\Program Files\java\jdk1.8.0_202\jre\bin\management.dll
0x00007ff963620000 - 0x00007ff96363a000 	C:\Program Files\java\jdk1.8.0_202\jre\bin\net.dll
0x00007ff96daa0000 - 0x00007ff96dc90000 	C:\WINDOWS\SYSTEM32\urlmon.dll
0x00007ff96d540000 - 0x00007ff96d7fe000 	C:\WINDOWS\SYSTEM32\iertutil.dll
0x00007ff974090000 - 0x00007ff9740b9000 	C:\WINDOWS\SYSTEM32\srvcli.dll
0x00007ff974270000 - 0x00007ff97427c000 	C:\WINDOWS\SYSTEM32\netutils.dll
0x00007ff9749c0000 - 0x00007ff974a27000 	C:\WINDOWS\system32\mswsock.dll
0x00007ff9536a0000 - 0x00007ff9536b7000 	C:\WINDOWS\system32\napinsp.dll
0x00007ff9536c0000 - 0x00007ff9536db000 	C:\WINDOWS\system32\pnrpnsp.dll
0x00007ff973da0000 - 0x00007ff973e87000 	C:\WINDOWS\SYSTEM32\DNSAPI.dll
0x00007ff973d70000 - 0x00007ff973d9d000 	C:\WINDOWS\SYSTEM32\IPHLPAPI.DLL
0x00007ff976a60000 - 0x00007ff976a69000 	C:\WINDOWS\System32\NSI.dll
0x00007ff953980000 - 0x00007ff953992000 	C:\WINDOWS\System32\winrnr.dll
0x00007ff96c860000 - 0x00007ff96c875000 	C:\WINDOWS\system32\wshbth.dll
0x00007ff9539a0000 - 0x00007ff9539bf000 	C:\WINDOWS\system32\nlansp_c.dll
0x00007ff96dec0000 - 0x00007ff96deca000 	C:\Windows\System32\rasadhlp.dll
0x00007ff970100000 - 0x00007ff970181000 	C:\WINDOWS\System32\fwpuclnt.dll
0x00007ff961910000 - 0x00007ff961922000 	C:\Program Files\java\jdk1.8.0_202\jre\bin\nio.dll
0x00007ff974c10000 - 0x00007ff974c28000 	C:\WINDOWS\SYSTEM32\CRYPTSP.dll
0x00007ff974470000 - 0x00007ff9744a5000 	C:\WINDOWS\system32\rsaenh.dll
0x00007ff974ab0000 - 0x00007ff974adc000 	C:\WINDOWS\SYSTEM32\USERENV.dll
0x00007ff974d80000 - 0x00007ff974da7000 	C:\WINDOWS\SYSTEM32\bcrypt.dll
0x00007ff975bd0000 - 0x00007ff975c4f000 	C:\WINDOWS\System32\bcryptprimitives.dll
0x00007ff974c00000 - 0x00007ff974c0c000 	C:\WINDOWS\SYSTEM32\CRYPTBASE.dll
0x00007ff96ef90000 - 0x00007ff96efa9000 	C:\WINDOWS\SYSTEM32\dhcpcsvc6.DLL
0x00007ff96ef30000 - 0x00007ff96ef4e000 	C:\WINDOWS\SYSTEM32\dhcpcsvc.DLL
0x00007ff9580f0000 - 0x00007ff958114000 	C:\Program Files\java\jdk1.8.0_202\jre\bin\sunec.dll
0x00007ff971080000 - 0x00007ff97108b000 	C:\Program Files\java\jdk1.8.0_202\jre\bin\sunmscapi.dll
0x00007ff9758d0000 - 0x00007ff975a32000 	C:\WINDOWS\System32\CRYPT32.dll
0x00007ff972dc0000 - 0x00007ff972fe1000 	C:\WINDOWS\SYSTEM32\dbghelp.dll

VM Arguments:
jvm_args: -Dfile.encoding=UTF-8 
java_command: com.hha.demo.DemoApplication
java_class_path (initial): C:\Users\htethtooaung\Downloads\demo\demo\target\classes;C:\Users\htethtooaung\.m2\repository\org\springframework\boot\spring-boot-starter-data-jpa\2.7.13\spring-boot-starter-data-jpa-2.7.13.jar;C:\Users\htethtooaung\.m2\repository\org\springframework\boot\spring-boot-starter-aop\2.7.13\spring-boot-starter-aop-2.7.13.jar;C:\Users\htethtooaung\.m2\repository\org\aspectj\aspectjweaver\1.9.7\aspectjweaver-1.9.7.jar;C:\Users\htethtooaung\.m2\repository\org\springframework\boot\spring-boot-starter-jdbc\2.7.13\spring-boot-starter-jdbc-2.7.13.jar;C:\Users\htethtooaung\.m2\repository\com\zaxxer\HikariCP\4.0.3\HikariCP-4.0.3.jar;C:\Users\htethtooaung\.m2\repository\org\springframework\spring-jdbc\5.3.28\spring-jdbc-5.3.28.jar;C:\Users\htethtooaung\.m2\repository\jakarta\transaction\jakarta.transaction-api\1.3.3\jakarta.transaction-api-1.3.3.jar;C:\Users\htethtooaung\.m2\repository\jakarta\persistence\jakarta.persistence-api\2.2.3\jakarta.persistence-api-2.2.3.jar;C:\Users\htethtooaung\.m2\repository\org\hibernate\hibernate-core\5.6.15.Final\hibernate-core-5.6.15.Final.jar;C:\Users\htethtooaung\.m2\repository\org\jboss\logging\jboss-logging\3.4.3.Final\jboss-logging-3.4.3.Final.jar;C:\Users\htethtooaung\.m2\repository\net\bytebuddy\byte-buddy\1.12.23\byte-buddy-1.12.23.jar;C:\Users\htethtooaung\.m2\repository\antlr\antlr\2.7.7\antlr-2.7.7.jar;C:\Users\htethtooaung\.m2\repository\org\jboss\jandex\2.4.2.Final\jandex-2.4.2.Final.jar;C:\Users\htethtooaung\.m2\repository\com\fasterxml\classmate\1.5.1\classmate-1.5.1.jar;C:\Users\htethtooaung\.m2\repository\org\hibernate\common\hibernate-commons-annotations\5.1.2.Final\hibernate-commons-annotations-5.1.2.Final.jar;C:\Users\htethtooaung\.m2\repository\org\glassfish\jaxb\jaxb-runtime\2.3.8\jaxb-runtime-2.3.8.jar;C:\Users\htethtooaung\.m2\repository\org\glassfish\jaxb\txw2\2.3.8\txw2-2.3.8.jar;C:\Users\htethtooaung\.m2\repository\com\sun\istack\istack-commons-runtime\3.0.12\istack-commons-runtime-3.0.12.ja
Launcher Type: SUN_STANDARD

Environment Variables:
PATH=C:\WINDOWS\system32;C:\WINDOWS;C:\WINDOWS\System32\Wbem;C:\WINDOWS\System32\WindowsPowerShell\v1.0\;C:\WINDOWS\System32\OpenSSH\;%NVM_HOME%;%NVM_SYMLINK%;C:\Users\htethtooaung\AppData\Local\Microsoft\WindowsApps;C:\Program Files\java\jdk1.8.0_202\bin;C:\Users\htethtooaung\AppData\Local\Programs\Git\cmd;C:\Users\htethtooaung\AppData\Local\Programs\Microsoft VS Code\bin;C:\Users\htethtooaung\AppData\Local\nvm;C:\nvm4w\nodejs;C:\Program Files\MySQL\MySQL Server 8.0\bin;
USERNAME=htethtooaung
OS=Windows_NT
PROCESSOR_IDENTIFIER=Intel64 Family 6 Model 142 Stepping 9, GenuineIntel



---------------  S Y S T E M  ---------------

OS: Windows 10.0 , 64 bit Build 22000 (10.0.22000.2538)

CPU:total 4 (initial active 4) (2 cores per cpu, 2 threads per core) family 6 model 142 stepping 9, cmov, cx8, fxsr, mmx, sse, sse2, sse3, ssse3, sse4.1, sse4.2, popcnt, avx, avx2, aes, clmul, erms, 3dnowpref, lzcnt, ht, tsc, tscinvbit, bmi1, bmi2, adx

Memory: 4k page, physical 16658716k(8302256k free), swap 19673372k(6431852k free)

vm_info: Java HotSpot(TM) 64-Bit Server VM (25.202-b08) for windows-amd64 JRE (1.8.0_202-b08), built on Dec 15 2018 19:54:30 by "java_re" with MS VC++ 10.0 (VS2010)

time: Wed Mar 12 15:23:59 2025
timezone: Myanmar Standard Time
elapsed time: 27 seconds (0d 0h 0m 27s)

